<?xml version="1.0" encoding="UTF-8"?>
<!DOCTYPE properties SYSTEM "http://java.sun.com/dtd/properties.dtd">
<properties version="1.0">
    <comment>Sample test run arguments</comment>
    <entry key="iut">http://localhost:8080</entry>
    <entry key="ics">Core</entry>
    <entry key="apiDefinition">http://localhost:8080/api</entry>
    <entry key="noofcollections">3</entry>
</properties>
